<?xml version="1.0" encoding="UTF-8"?>
<testsuite xmlns:xsi="http://www.w3.org/2001/XMLSchema-instance" xsi:noNamespaceSchemaLocation="https://maven.apache.org/surefire/maven-surefire-plugin/xsd/surefire-test-report.xsd" name="tp.warcaby.serwer.MoveDecoderTest" time="0.016" tests="4" errors="0" skipped="0" failures="0">
  <properties>
[...]
</properties>
  <testcase name="ContructorTest" classname="tp.warcaby.serwer.MoveDecoderTest" time="0.003"/>
  <testcase name="GetNewCoordsTest" classname="tp.warcaby.serwer.MoveDecoderTest" time="0"/>
  <testcase name="GetOldCoordsTest" classname="tp.warcaby.serwer.MoveDecoderTest" time="0"/>
  <testcase name="GetMessageTest" classname="tp.warcaby.serwer.MoveDecoderTest" time="0"/>
</testsuite>