<?xml version="1.0" encoding="UTF-8"?>
<testsuite xmlns:xsi="http://www.w3.org/2001/XMLSchema-instance" xsi:noNamespaceSchemaLocation="https://maven.apache.org/surefire/maven-surefire-plugin/xsd/surefire-test-report.xsd" name="tp.warcaby.serwer.AllLogicTest" time="0" tests="7" errors="0" skipped="0" failures="0">
  <properties>
[...]
</properties>
  <testcase name="EnglishDiagonalCorrectnessTest" classname="tp.warcaby.serwer.AllLogicTest" time="0"/>
  <testcase name="OvertakingConstructorTest" classname="tp.warcaby.serwer.AllLogicTest" time="0"/>
  <testcase name="PolishConstructorTest" classname="tp.warcaby.serwer.AllLogicTest" time="0"/>
  <testcase name="EnglishQueenDiagonalCorrectnessTest" classname="tp.warcaby.serwer.AllLogicTest" time="0"/>
  <testcase name="ClassicalConstructorTest" classname="tp.warcaby.serwer.AllLogicTest" time="0"/>
  <testcase name="OvertakingWinnerTest" classname="tp.warcaby.serwer.AllLogicTest" time="0"/>
  <testcase name="EnglishConstructorTest" classname="tp.warcaby.serwer.AllLogicTest" time="0"/>
</testsuite>