<?xml version="1.0" encoding="UTF-8"?>
<testsuite xmlns:xsi="http://www.w3.org/2001/XMLSchema-instance" xsi:noNamespaceSchemaLocation="https://maven.apache.org/surefire/maven-surefire-plugin/xsd/surefire-test-report.xsd" name="tp.warcaby.serwer.ClassicLogicTest" time="0.085" tests="15" errors="0" skipped="0" failures="0">
  <properties>
[...]
</properties>
  <testcase name="getTurnTest" classname="tp.warcaby.serwer.ClassicLogicTest" time="0.012"/>
  <testcase name="isFinishedTest" classname="tp.warcaby.serwer.ClassicLogicTest" time="0.012"/>
  <testcase name="deDuplicateMovesTest" classname="tp.warcaby.serwer.ClassicLogicTest" time="0"/>
  <testcase name="currentBestMovesTest" classname="tp.warcaby.serwer.ClassicLogicTest" time="0.001"/>
  <testcase name="RespondTest" classname="tp.warcaby.serwer.ClassicLogicTest" time="0.014"/>
  <testcase name="moveEndedTest" classname="tp.warcaby.serwer.ClassicLogicTest" time="0.001"/>
  <testcase name="whiteRespondTest" classname="tp.warcaby.serwer.ClassicLogicTest" time="0"/>
  <testcase name="QueenMovesTest" classname="tp.warcaby.serwer.ClassicLogicTest" time="0"/>
  <testcase name="isEmptyTest" classname="tp.warcaby.serwer.ClassicLogicTest" time="0"/>
  <testcase name="createBestMovesTest" classname="tp.warcaby.serwer.ClassicLogicTest" time="0.009"/>
  <testcase name="repetitionCheckTest" classname="tp.warcaby.serwer.ClassicLogicTest" time="0.003"/>
  <testcase name="blackRespondTest" classname="tp.warcaby.serwer.ClassicLogicTest" time="0"/>
  <testcase name="fetchMoveTest" classname="tp.warcaby.serwer.ClassicLogicTest" time="0.001"/>
  <testcase name="ConstructorTest" classname="tp.warcaby.serwer.ClassicLogicTest" time="0"/>
  <testcase name="getWinnerTest" classname="tp.warcaby.serwer.ClassicLogicTest" time="0.005"/>
</testsuite>